Result at time 0   [0.4, 0.2, 0.3]
Error:  0.0   0.0
xhatz:  [[0.]
 [0.]
 [0.]
 [0.]
 [0.]]
Cumulative inc:    [0.]   [0.]
Sending to actuators:    [3.50178526e-05]   [3.18378222e-05]
----
Result at time 1   [0.4, 0.2, 0.3]
Error:  0.0   0.0
xhatz:  [[0.]
 [0.]
 [0.]
 [0.]
 [0.]]
Cumulative inc:    [0.]   [0.]
Sending to actuators:    [3.50178526e-05]   [3.18378222e-05]
----
Result at time 2   [0.4, 0.2, 0.3]
Error:  0.0   0.0
xhatz:  [[0.]
 [0.]
 [0.]
 [0.]
 [0.]]
Cumulative inc:    [0.]   [0.]
Sending to actuators:    [3.50178526e-05]   [3.18378222e-05]
----
Result at time 3   [0.4, 0.2, 0.3]
Error:  0.0   0.0
xhatz:  [[0.]
 [0.]
 [0.]
 [0.]
 [0.]]
Cumulative inc:    [0.]   [0.]
Sending to actuators:    [3.50178526e-05]   [3.18378222e-05]
----
Result at time 4   [0.4, 0.2, 0.3]
Error:  0.0   0.0
xhatz:  [[0.]
 [0.]
 [0.]
 [0.]
 [0.]]
Cumulative inc:    [0.]   [0.]
Sending to actuators:    [3.50178526e-05]   [3.18378222e-05]
----
Result at time 5   [0.4, 0.2, 0.3]
Error:  0.0   0.0
xhatz:  [[0.]
 [0.]
 [0.]
 [0.]
 [0.]]
Cumulative inc:    [0.]   [0.]
Sending to actuators:    [3.50178526e-05]   [3.18378222e-05]
----
Result at time 6   [0.4, 0.2, 0.3]
Error:  -0.04999999999999999   0.0
xhatz:  [[ 0.  ]
 [ 0.  ]
 [ 0.  ]
 [-0.05]
 [ 0.  ]]
Cumulative inc:    [4.75e-06]   [1.5e-06]
Sending to actuators:    [3.97678526e-05]   [3.33378222e-05]
----
Result at time 7   [0.4003067039236261, 0.2000963364744053, 0.300002279009278]
Error:  -0.049693296076373905   9.633647440529525e-05
xhatz:  [[ 3.06703924e-04]
 [ 9.63364744e-05]
 [ 2.27900928e-06]
 [-9.96932961e-02]
 [ 9.63364744e-05]]
Cumulative inc:    [1.01580223e-05]   [3.2531041e-06]
Sending to actuators:    [4.99258749e-05]   [3.65909263e-05]
----
Result at time 8   [0.4012659038355961, 0.2003995339773861, 0.30001388187222483]
Error:  -0.048734096164403884   0.0003995339773860962
xhatz:  [[ 9.59199912e-04]
 [ 3.03197503e-04]
 [ 1.16028629e-05]
 [-1.48427392e-01]
 [ 4.95870452e-04]]
Cumulative inc:    [1.6241764e-05]   [5.25729964e-06]
Sending to actuators:    [6.61676389e-05]   [4.18482259e-05]
----
Result at time 9   [0.40326331405585714, 0.20103391661237857, 0.3000470442042937]
Error:  -0.046736685944142875   0.0010339166123785604
xhatz:  [[ 1.99741022e-03]
 [ 6.34382635e-04]
 [ 3.31623321e-05]
 [-1.95164078e-01]
 [ 1.52978706e-03]]
Cumulative inc:    [2.29797739e-05]   [7.48702276e-06]
Sending to actuators:    [8.91474128e-05]   [4.93352487e-05]
----
Result at time 10   [0.4067230037338637, 0.20213571369536856, 0.30011947288150337]
Error:  -0.04327699626613629   0.002135713695368552
xhatz:  [[ 3.45968968e-03]
 [ 1.10179708e-03]
 [ 7.24286772e-05]
 [-2.38441074e-01]
 [ 3.66550076e-03]]
Cumulative inc:    [3.03018605e-05]   [9.88742466e-06]
Sending to actuators:    [0.00011945]   [5.92226733e-05]
----
Result at time 11   [0.41210290440629166, 0.20384931819248922, 0.30025437511956904]
Error:  -0.03789709559370835   -0.021150681807510785
xhatz:  [[ 5.37990067e-03]
 [ 1.71360450e-03]
 [ 1.34902238e-04]
 [-2.76338170e-01]
 [-1.74851810e-02]]
Cumulative inc:    [3.88788676e-05]   [1.46433554e-05]
Sending to actuators:    [0.00015833]   [7.38660288e-05]
----
Result at time 12   [0.41993848469697553, 0.20646743396076914, 0.30048127066526076]
Error:  -0.030061515303024477   -0.01853256603923087
xhatz:  [[ 7.83558029e-03]
 [ 2.61811577e-03]
 [ 2.26895546e-04]
 [-3.06399685e-01]
 [-3.60177471e-02]]
Cumulative inc:    [4.78573784e-05]   [1.96255856e-05]
Sending to actuators:    [0.00020619]   [9.34916143e-05]
----
Result at time 13   [0.43078780552989493, 0.21029105174426607, 0.30083653779515307]
Error:  -0.019212194470105082   -0.014708948255733933
xhatz:  [[ 0.01084932]
 [ 0.00382362]
 [ 0.00035527]
 [-0.32561188]
 [-0.0507267 ]]
Cumulative inc:    [5.69603676e-05]   [2.46535556e-05]
Sending to actuators:    [0.00026315]   [0.00011815]
----
Result at time 14   [0.4452145893682249, 0.2156175409489586, 0.30136267765116503]
Error:  -0.004785410631775122   -0.009382459051041403
xhatz:  [[ 0.01442678]
 [ 0.00532649]
 [ 0.00052614]
 [-0.33039729]
 [-0.06010915]]
Cumulative inc:    [6.58079655e-05]   [2.94754926e-05]
Sending to actuators:    [0.00032895]   [0.00014762]
----
Result at time 15   [0.4637648447853626, 0.22272423754792772, 0.30210744654446053]
Error:  0.013764844785362607   -0.002275762452072283
xhatz:  [[ 0.01855026]
 [ 0.0071067 ]
 [ 0.00074477]
 [-0.31663245]
 [-0.06238492]]
Cumulative inc:    [7.39045759e-05]   [3.37603909e-05]
Sending to actuators:    [0.00040286]   [0.00018138]
----
Result at time 16   [0.4869360102084466, 0.23184695593535512, 0.30312313797870405]
Error:  0.03693601020844661   0.006846955935355115
xhatz:  [[ 0.02317117]
 [ 0.00912272]
 [ 0.00101569]
 [-0.27969644]
 [-0.05553796]]
Cumulative inc:    [8.06270632e-05]   [3.70913738e-05]
Sending to actuators:    [0.00048349]   [0.00021847]
----
Result at time 17   [0.5151377954452957, 0.24315285279805524, 0.30446622892551745]
Error:  0.06513779544529569   0.01815285279805523
xhatz:  [[ 0.02820179]
 [ 0.0113059 ]
 [ 0.00134309]
 [-0.21455864]
 [-0.03738511]]
Cumulative inc:    [8.5215474e-05]   [3.89612894e-05]
Sending to actuators:    [0.0005687]   [0.00025743]
----
Result at time 18   [0.5486440076010001, 0.256706956506007, 0.30619788617439847]
Error:  0.09864400760100006   0.031706956506006995
xhatz:  [[ 0.03350621]
 [ 0.0135541 ]
 [ 0.00173166]
 [-0.11591463]
 [-0.00567815]]
Cumulative inc:    [8.67674117e-05]   [3.87710864e-05]
Sending to actuators:    [0.00065547]   [0.0002962]
----
Result at time 19   [0.5875349968175857, 0.2724311943829425, 0.3083863654680451]
Error:  0.1375349968175857   0.04743119438294249
xhatz:  [[0.03889099]
 [0.01572424]
 [0.00218848]
 [0.02162036]
 [0.04175304]]
Cumulative inc:    [8.42375364e-05]   [3.58309093e-05]
Sending to actuators:    [0.00073971]   [0.00033204]
----
Result at time 20   [0.631630739926038, 0.2900523428118534, 0.3111148754800518]
Error:  0.181630739926038   0.06505234281185338
xhatz:  [[0.04409574]
 [0.01762115]
 [0.00272851]
 [0.2032511 ]
 [0.10680539]]
Cumulative inc:    [7.64422674e-05]   [2.93597203e-05]
Sending to actuators:    [0.00081615]   [0.0003614]
----
Result at time 21   [0.6804150227254013, 0.3090180021533483, 0.3145156931100865]
Error:  0.23041502272540132   0.08401800215334829
xhatz:  [[0.04878428]
 [0.01896566]
 [0.00340082]
 [0.43366613]
 [0.19082339]]
Cumulative inc:    [6.20587094e-05]   [1.84469556e-05]
Sending to actuators:    [0.00087821]   [0.00037984]
----
Result at time 22   [0.7329515939189847, 0.3280338618082791, 0.3191752028823166]
Error:  0.28295159391898467   0.10303386180827909
xhatz:  [[0.05253657]
 [0.01901586]
 [0.00465951]
 [0.71661772]
 [0.29385725]]
Cumulative inc:    [3.93718813e-05]   [1.26239374e-06]
Sending to actuators:    [0.00091758]   [0.0003811]
----
Result at time 23   [0.7877739612807407, 0.346262688093162, 0.32481736996592997]
Error:  0.3377739612807407   0.12126268809316201
xhatz:  [[0.05482237]
 [0.01822883]
 [0.00564217]
 [1.05439168]
 [0.41511994]]
Cumulative inc:    [7.61283003e-06]   [-2.11312752e-05]
Sending to actuators:    [0.00092519]   [0.00035997]
----
Result at time 24   [0.8428314986430342, 0.36268616042132484, 0.3310089560932811]
Error:  0.3928314986430342   0.13768616042132484
xhatz:  [[0.05505754]
 [0.01642347]
 [0.00619159]
 [1.44722318]
 [0.5528061 ]]
Cumulative inc:    [-3.4420468e-05]   [-4.90274015e-05]
Sending to actuators:    [0.00089077]   [0.00031095]
----
Result at time 25   [0.8954153168861567, 0.3756363624623805, 0.33761035979827964]
Error:  0.4454153168861567   0.15063636246238052
xhatz:  [[0.05258382]
 [0.0129502 ]
 [0.0066014 ]
 [1.8926385 ]
 [0.70344246]]
Cumulative inc:    [-8.81454099e-05]   [-8.35782892e-05]
Sending to actuators:    [0.00080263]   [0.00022737]
----
Result at time 26   [0.9420685867795814, 0.38301447630154056, 0.344482923047798]
Error:  0.4920685867795814   0.15801447630154056
xhatz:  [[0.04665327]
 [0.00737811]
 [0.00687256]
 [2.38470708]
 [0.86145694]]
Cumulative inc:    [-0.00015457]   [-0.00012513]
Sending to actuators:    [0.00064806]   [0.00010223]
----
Result at time 27   [0.9785236807788296, 0.3823097023320012, 0.35144806808550416]
Error:  0.5285236807788296   0.15730970233200117
xhatz:  [[ 3.64550940e-02]
 [-7.04773970e-04]
 [ 6.96514504e-03]
 [ 2.91323077e+00]
 [ 1.01876664e+00]]
Cumulative inc:    [-0.00023431]   [-0.00017366]
Sending to actuators:    [0.00041375]   [-7.14249767e-05]
----
Result at time 28   [0.9996641579817197, 0.37066828186856443, 0.3582221097527777]
Error:  0.5496641579817196   0.14566828186856443
xhatz:  [[ 0.02114048]
 [-0.01164142]
 [ 0.00677404]
 [ 3.46289492]
 [ 1.16443492]]
Cumulative inc:    [-0.00032745]   [-0.00022855]
Sending to actuators:    [8.62987362e-05]   [-0.00029997]
----
Result at time 29   [0.9995225566846214, 0.34557564611166, 0.36377400217199135]
Error:  0.5495225566846214   0.12057564611165997
xhatz:  [[-1.41601297e-04]
 [-2.50926358e-02]
 [ 5.55189242e-03]
 [ 4.01241748e+00]
 [ 1.28501057e+00]]
Cumulative inc:    [-0.00043291]   [-0.00028725]
Sending to actuators:    [-0.00034661]   [-0.00058722]
----
Result at time 30   [0.9713560354802329, 0.3033629359816994, 0.36798719788532047]
Error:  0.5213560354802329   0.07836293598169938
xhatz:  [[-2.81665212e-02]
 [-4.22127101e-02]
 [ 4.21319571e-03]
 [ 4.53377352e+00]
 [ 1.36337350e+00]]
Cumulative inc:    [-0.00054995]   [-0.00035014]
Sending to actuators:    [-0.00089656]   [-0.00093736]
----
Result at time 31   [0.9077107517997786, 0.23968422587862837, 0.37117148602278666]
Error:  0.45771075179977855   0.01468422587862836
xhatz:  [[-6.36452837e-02]
 [-6.36787101e-02]
 [ 3.18428814e-03]
 [ 4.99148427e+00]
 [ 1.37805773e+00]]
Cumulative inc:    [-0.00067646]   [-0.00041587]
Sending to actuators:    [-0.00157302]   [-0.00135323]
----
Result at time 32   [0.8005782303246484, 0.15055493840901685, 0.3731407566414507]
Error:  0.35057823032464835   -0.07444506159098316
xhatz:  [[-1.07132521e-01]
 [-8.91292875e-02]
 [ 1.96927062e-03]
 [ 5.34206250e+00]
 [ 1.30361267e+00]]
Cumulative inc:    [-0.00080834]   [-0.00048009]
Sending to actuators:    [-0.00238136]   [-0.00183332]
----
Result at time 33   [0.6417148112750646, 0.032444840282139994, 0.3735576617691368]
Error:  0.19171481127506457   -0.19255515971786002
xhatz:  [[-1.58863419e-01]
 [-1.18110098e-01]
 [ 4.16905128e-04]
 [ 5.53377731e+00]
 [ 1.11105751e+00]]
Cumulative inc:    [-0.00094005]   [-0.00053777]
Sending to actuators:    [-0.00332141]   [-0.00237108]
----
